<?xml version="1.0" encoding="UTF-8"?>
<!-- Generated by org.testng.reporters.JUnitReportReporter -->
<testsuite skipped="0" hostname="ASDP1734PO02529" name="Cucumber_test.Test_Runner" tests="1" failures="0" timestamp="12 Jul 2017 07:38:49 GMT" time="74.618" errors="0">
  <testcase name="run_cukes" time="74.618" classname="Cucumber_test.Test_Runner"/>
</testsuite> <!-- Cucumber_test.Test_Runner -->
