<?xml version="1.0" encoding="UTF-8"?>
<!-- Generated by org.testng.reporters.JUnitReportReporter -->
<testsuite skipped="1" hostname="ASDP1734PO02529" name="Cucumber_test.Test_Runner" tests="1" failures="0" timestamp="12 Jul 2017 09:56:18 GMT" time="7.493" errors="0">
  <testcase name="run_cukes" time="7.493" classname="Cucumber_test.Test_Runner">
    <skipped/>
  </testcase> <!-- run_cukes -->
</testsuite> <!-- Cucumber_test.Test_Runner -->
